<?xml version="1.0" encoding="UTF-8"?>
<testsuites name="Calculator" time="173.44" tests="5" failures="0" errors="0">
   <testsuite name="Calculator" tests="5" failures="0" errors="0" time="173.44" skipped="0" timestamp="2023-08-20 04:29:33" hostname="sarker - localhost" id="Test Suites/Calculator">
      <properties>
         <property name="deviceName" value="OnePlus CPH2469 (Android 13)"/>
         <property name="devicePlatform" value=""/>
         <property name="logFolder" value="/Users/sarker/Documents/Own_Projects/Mobile Application Automation/Source Code/Reports/20230820_042928/Calculator/20230820_042928"/>
         <property name="logFiles" value="/Users/sarker/Documents/Own_Projects/Mobile Application Automation/Source Code/Reports/20230820_042928/Calculator/20230820_042928/execution0.log, /Users/sarker/Documents/Own_Projects/Mobile Application Automation/Source Code/Reports/20230820_042928/Calculator/20230820_042928/appium.log"/>
         <property name="attachments" value=""/>
         <property name="hostName" value="sarker - localhost"/>
         <property name="os" value="Mac OS X 64bit"/>
         <property name="appiumServerStatus" value="{&quot;value&quot;:{&quot;build&quot;:{&quot;version&quot;:&quot;1.22.0&quot;}},&quot;sessionId&quot;:null,&quot;status&quot;:0}"/>
         <property name="katalonVersion" value="8.6.5.208"/>
         <property name="deviceOS" value="Android"/>
         <property name="appiumVersion" value="1.22.0"/>
         <property name="deviceModel" value="CPH2469"/>
         <property name="hostAddress" value="127.0.0.1"/>
         <property name="deviceManufacturer" value="OnePlus"/>
         <property name="deviceId" value="KRYTEU85DMMNKBVK"/>
         <property name="deviceName" value="OnePlus CPH2469 (Android 13)"/>
         <property name="deviceOSVersion" value="13"/>
      </properties>
      <testcase name="Test Cases/Addition" time="40.252" classname="Test Cases/Addition" status="PASSED">
         <system-out><![CDATA[2023-08-20 04:29:34 - [TEST_CASE][PASSED] - Test Cases/Addition: Test Cases/Addition

2023-08-20 04:29:34 - [TEST_STEP][PASSED] - startExistingApplication("com.google.android.calculator", STOP_ON_FAILURE): Starting app with application ID: 'com.google.android.calculator'

2023-08-20 04:29:36 - [MESSAGE][INFO] - Detected NodeJS location: "/usr/local/bin/node"

2023-08-20 04:29:38 - [MESSAGE][INFO] - Appium server started on port 51,843

2023-08-20 04:30:00 - [MESSAGE][PASSED] - Starting app with application ID: 'com.google.android.calculator'

2023-08-20 04:30:00 - [TEST_STEP][PASSED] - tap(findTestObject("Button - AC"), 0): Tapped on element 'Object Repository/Button - AC'

2023-08-20 04:30:00 - [MESSAGE][WARNING] - Timeout '0' is invalid. Using default page load timeout: '30'

2023-08-20 04:30:03 - [MESSAGE][PASSED] - Tapped on element 'Object Repository/Button - AC'

2023-08-20 04:30:03 - [TEST_STEP][PASSED] - tap(findTestObject("Button - 2"), 0): Tapped on element 'Object Repository/Button - 2'

2023-08-20 04:30:03 - [MESSAGE][WARNING] - Timeout '0' is invalid. Using default page load timeout: '30'

2023-08-20 04:30:05 - [MESSAGE][PASSED] - Tapped on element 'Object Repository/Button - 2'

2023-08-20 04:30:05 - [TEST_STEP][PASSED] - tap(findTestObject("Button - Addition"), 0): Tapped on element 'Object Repository/Button - Addition'

2023-08-20 04:30:05 - [MESSAGE][WARNING] - Timeout '0' is invalid. Using default page load timeout: '30'

2023-08-20 04:30:07 - [MESSAGE][PASSED] - Tapped on element 'Object Repository/Button - Addition'

2023-08-20 04:30:07 - [TEST_STEP][PASSED] - tap(findTestObject("Button - 3"), 0): Tapped on element 'Object Repository/Button - 3'

2023-08-20 04:30:07 - [MESSAGE][WARNING] - Timeout '0' is invalid. Using default page load timeout: '30'

2023-08-20 04:30:08 - [MESSAGE][PASSED] - Tapped on element 'Object Repository/Button - 3'

2023-08-20 04:30:08 - [TEST_STEP][PASSED] - verifyElementText(findTestObject("TextView - Result"), "5"): Actual text and expected text of test object 'Object Repository/TextView - Result' are matched.

2023-08-20 04:30:09 - [MESSAGE][PASSED] - Actual text and expected text of test object 'Object Repository/TextView - Result' are matched.

2023-08-20 04:30:09 - [TEST_STEP][PASSED] - tap(findTestObject("Button - Equal"), 0): Tapped on element 'Object Repository/Button - Equal'

2023-08-20 04:30:09 - [MESSAGE][WARNING] - Timeout '0' is invalid. Using default page load timeout: '30'

2023-08-20 04:30:11 - [MESSAGE][PASSED] - Tapped on element 'Object Repository/Button - Equal'

2023-08-20 04:30:11 - [TEST_STEP][PASSED] - delay(1, STOP_ON_FAILURE): Delayed 1 second(s)

2023-08-20 04:30:12 - [MESSAGE][PASSED] - Delayed 1 second(s)

2023-08-20 04:30:12 - [TEST_STEP][PASSED] - verifyElementText(findTestObject("TextView - Final Result"), "5"): Actual text and expected text of test object 'Object Repository/TextView - Final Result' are matched.

2023-08-20 04:30:13 - [MESSAGE][PASSED] - Actual text and expected text of test object 'Object Repository/TextView - Final Result' are matched.

2023-08-20 04:30:13 - [TEST_STEP][PASSED] - closeApplication(): Close app successfully

2023-08-20 04:30:14 - [MESSAGE][PASSED] - Close app successfully]]></system-out>
         <system-err><![CDATA[]]></system-err>
      </testcase>
      <testcase name="Test Cases/Multiplication" time="29.379" classname="Test Cases/Multiplication" status="PASSED">
         <system-out><![CDATA[2023-08-20 04:30:14 - [TEST_CASE][PASSED] - Test Cases/Multiplication: Test Cases/Multiplication

2023-08-20 04:30:14 - [TEST_STEP][PASSED] - startExistingApplication("com.google.android.calculator", STOP_ON_FAILURE): Starting app with application ID: 'com.google.android.calculator'

2023-08-20 04:30:15 - [MESSAGE][INFO] - Detected NodeJS location: "/usr/local/bin/node"

2023-08-20 04:30:17 - [MESSAGE][INFO] - Appium server started on port 52,024

2023-08-20 04:30:32 - [MESSAGE][PASSED] - Starting app with application ID: 'com.google.android.calculator'

2023-08-20 04:30:32 - [TEST_STEP][PASSED] - tap(findTestObject("Button - AC"), 0): Tapped on element 'Object Repository/Button - AC'

2023-08-20 04:30:32 - [MESSAGE][WARNING] - Timeout '0' is invalid. Using default page load timeout: '30'

2023-08-20 04:30:34 - [MESSAGE][PASSED] - Tapped on element 'Object Repository/Button - AC'

2023-08-20 04:30:34 - [TEST_STEP][PASSED] - tap(findTestObject("Button - 5"), 0): Tapped on element 'Object Repository/Button - 5'

2023-08-20 04:30:34 - [MESSAGE][WARNING] - Timeout '0' is invalid. Using default page load timeout: '30'

2023-08-20 04:30:35 - [MESSAGE][PASSED] - Tapped on element 'Object Repository/Button - 5'

2023-08-20 04:30:35 - [TEST_STEP][PASSED] - tap(findTestObject("Button - Multiplication"), 0): Tapped on element 'Object Repository/Button - Multiplication'

2023-08-20 04:30:35 - [MESSAGE][WARNING] - Timeout '0' is invalid. Using default page load timeout: '30'

2023-08-20 04:30:36 - [MESSAGE][PASSED] - Tapped on element 'Object Repository/Button - Multiplication'

2023-08-20 04:30:36 - [TEST_STEP][PASSED] - tap(findTestObject("Button - 7"), 0): Tapped on element 'Object Repository/Button - 7'

2023-08-20 04:30:37 - [MESSAGE][WARNING] - Timeout '0' is invalid. Using default page load timeout: '30'

2023-08-20 04:30:38 - [MESSAGE][PASSED] - Tapped on element 'Object Repository/Button - 7'

2023-08-20 04:30:38 - [TEST_STEP][PASSED] - verifyElementText(findTestObject("TextView - Result"), "35"): Actual text and expected text of test object 'Object Repository/TextView - Result' are matched.

2023-08-20 04:30:39 - [MESSAGE][PASSED] - Actual text and expected text of test object 'Object Repository/TextView - Result' are matched.

2023-08-20 04:30:39 - [TEST_STEP][PASSED] - tap(findTestObject("Button - Equal"), 0): Tapped on element 'Object Repository/Button - Equal'

2023-08-20 04:30:39 - [MESSAGE][WARNING] - Timeout '0' is invalid. Using default page load timeout: '30'

2023-08-20 04:30:41 - [MESSAGE][PASSED] - Tapped on element 'Object Repository/Button - Equal'

2023-08-20 04:30:41 - [TEST_STEP][PASSED] - delay(1, STOP_ON_FAILURE): Delayed 1 second(s)

2023-08-20 04:30:42 - [MESSAGE][PASSED] - Delayed 1 second(s)

2023-08-20 04:30:42 - [TEST_STEP][PASSED] - verifyElementText(findTestObject("TextView - Final Result"), "35"): Actual text and expected text of test object 'Object Repository/TextView - Final Result' are matched.

2023-08-20 04:30:43 - [MESSAGE][PASSED] - Actual text and expected text of test object 'Object Repository/TextView - Final Result' are matched.

2023-08-20 04:30:43 - [TEST_STEP][PASSED] - closeApplication(): Close app successfully

2023-08-20 04:30:43 - [MESSAGE][PASSED] - Close app successfully]]></system-out>
         <system-err><![CDATA[]]></system-err>
      </testcase>
      <testcase name="Test Cases/Division" time="36.786" classname="Test Cases/Division" status="PASSED">
         <system-out><![CDATA[2023-08-20 04:30:43 - [TEST_CASE][PASSED] - Test Cases/Division: Test Cases/Division

2023-08-20 04:30:44 - [TEST_STEP][PASSED] - startExistingApplication("com.google.android.calculator", STOP_ON_FAILURE): Starting app with application ID: 'com.google.android.calculator'

2023-08-20 04:30:44 - [MESSAGE][INFO] - Detected NodeJS location: "/usr/local/bin/node"

2023-08-20 04:30:45 - [MESSAGE][INFO] - Appium server started on port 52,188

2023-08-20 04:31:01 - [MESSAGE][PASSED] - Starting app with application ID: 'com.google.android.calculator'

2023-08-20 04:31:01 - [TEST_STEP][PASSED] - tap(findTestObject("Button - AC"), 0): Tapped on element 'Object Repository/Button - AC'

2023-08-20 04:31:01 - [MESSAGE][WARNING] - Timeout '0' is invalid. Using default page load timeout: '30'

2023-08-20 04:31:02 - [MESSAGE][PASSED] - Tapped on element 'Object Repository/Button - AC'

2023-08-20 04:31:02 - [TEST_STEP][PASSED] - tap(findTestObject("Button - 8"), 0): Tapped on element 'Object Repository/Button - 8'

2023-08-20 04:31:03 - [MESSAGE][WARNING] - Timeout '0' is invalid. Using default page load timeout: '30'

2023-08-20 04:31:03 - [MESSAGE][PASSED] - Tapped on element 'Object Repository/Button - 8'

2023-08-20 04:31:03 - [TEST_STEP][PASSED] - tap(findTestObject("Button - Division"), 0): Tapped on element 'Object Repository/Button - Division'

2023-08-20 04:31:04 - [MESSAGE][WARNING] - Timeout '0' is invalid. Using default page load timeout: '30'

2023-08-20 04:31:05 - [MESSAGE][PASSED] - Tapped on element 'Object Repository/Button - Division'

2023-08-20 04:31:05 - [TEST_STEP][PASSED] - tap(findTestObject("Button - 4"), 0): Tapped on element 'Object Repository/Button - 4'

2023-08-20 04:31:05 - [MESSAGE][WARNING] - Timeout '0' is invalid. Using default page load timeout: '30'

2023-08-20 04:31:06 - [MESSAGE][PASSED] - Tapped on element 'Object Repository/Button - 4'

2023-08-20 04:31:06 - [TEST_STEP][PASSED] - verifyElementText(findTestObject("TextView - Result"), "2"): Actual text and expected text of test object 'Object Repository/TextView - Result' are matched.

2023-08-20 04:31:07 - [MESSAGE][PASSED] - Actual text and expected text of test object 'Object Repository/TextView - Result' are matched.

2023-08-20 04:31:07 - [TEST_STEP][PASSED] - tap(findTestObject("Button - Equal"), 0): Tapped on element 'Object Repository/Button - Equal'

2023-08-20 04:31:07 - [MESSAGE][WARNING] - Timeout '0' is invalid. Using default page load timeout: '30'

2023-08-20 04:31:09 - [MESSAGE][PASSED] - Tapped on element 'Object Repository/Button - Equal'

2023-08-20 04:31:09 - [TEST_STEP][PASSED] - delay(1, STOP_ON_FAILURE): Delayed 1 second(s)

2023-08-20 04:31:10 - [MESSAGE][PASSED] - Delayed 1 second(s)

2023-08-20 04:31:10 - [TEST_STEP][PASSED] - verifyElementText(findTestObject("TextView - Final Result"), "2"): Actual text and expected text of test object 'Object Repository/TextView - Final Result' are matched.

2023-08-20 04:31:11 - [MESSAGE][PASSED] - Actual text and expected text of test object 'Object Repository/TextView - Final Result' are matched.

2023-08-20 04:31:11 - [TEST_STEP][PASSED] - tap(findTestObject("Button - AC"), 0): Tapped on element 'Object Repository/Button - AC'

2023-08-20 04:31:11 - [MESSAGE][WARNING] - Timeout '0' is invalid. Using default page load timeout: '30'

2023-08-20 04:31:12 - [MESSAGE][PASSED] - Tapped on element 'Object Repository/Button - AC'

2023-08-20 04:31:12 - [TEST_STEP][PASSED] - tap(findTestObject("Button - 1"), 0): Tapped on element 'Object Repository/Button - 1'

2023-08-20 04:31:12 - [MESSAGE][WARNING] - Timeout '0' is invalid. Using default page load timeout: '30'

2023-08-20 04:31:13 - [MESSAGE][PASSED] - Tapped on element 'Object Repository/Button - 1'

2023-08-20 04:31:13 - [TEST_STEP][PASSED] - tap(findTestObject("Button - Division"), 0): Tapped on element 'Object Repository/Button - Division'

2023-08-20 04:31:13 - [MESSAGE][WARNING] - Timeout '0' is invalid. Using default page load timeout: '30'

2023-08-20 04:31:16 - [MESSAGE][PASSED] - Tapped on element 'Object Repository/Button - Division'

2023-08-20 04:31:16 - [TEST_STEP][PASSED] - tap(findTestObject("Button - 0"), 0): Tapped on element 'Object Repository/Button - 0'

2023-08-20 04:31:16 - [MESSAGE][WARNING] - Timeout '0' is invalid. Using default page load timeout: '30'

2023-08-20 04:31:17 - [MESSAGE][PASSED] - Tapped on element 'Object Repository/Button - 0'

2023-08-20 04:31:17 - [TEST_STEP][PASSED] - tap(findTestObject("Button - Equal"), 0): Tapped on element 'Object Repository/Button - Equal'

2023-08-20 04:31:17 - [MESSAGE][WARNING] - Timeout '0' is invalid. Using default page load timeout: '30'

2023-08-20 04:31:19 - [MESSAGE][PASSED] - Tapped on element 'Object Repository/Button - Equal'

2023-08-20 04:31:19 - [TEST_STEP][PASSED] - verifyElementText(findTestObject("TextView - Result"), "Can't divide by 0"): Actual text and expected text of test object 'Object Repository/TextView - Result' are matched.

2023-08-20 04:31:19 - [MESSAGE][PASSED] - Actual text and expected text of test object 'Object Repository/TextView - Result' are matched.

2023-08-20 04:31:19 - [TEST_STEP][PASSED] - closeApplication(): Close app successfully

2023-08-20 04:31:20 - [MESSAGE][PASSED] - Close app successfully]]></system-out>
         <system-err><![CDATA[]]></system-err>
      </testcase>
      <testcase name="Test Cases/Subtraction" time="27.497" classname="Test Cases/Subtraction" status="PASSED">
         <system-out><![CDATA[2023-08-20 04:31:20 - [TEST_CASE][PASSED] - Test Cases/Subtraction: Test Cases/Subtraction

2023-08-20 04:31:20 - [TEST_STEP][PASSED] - startExistingApplication("com.google.android.calculator", STOP_ON_FAILURE): Starting app with application ID: 'com.google.android.calculator'

2023-08-20 04:31:21 - [MESSAGE][INFO] - Detected NodeJS location: "/usr/local/bin/node"

2023-08-20 04:31:22 - [MESSAGE][INFO] - Appium server started on port 52,371

2023-08-20 04:31:37 - [MESSAGE][PASSED] - Starting app with application ID: 'com.google.android.calculator'

2023-08-20 04:31:37 - [TEST_STEP][PASSED] - tap(findTestObject("Button - AC"), 0): Tapped on element 'Object Repository/Button - AC'

2023-08-20 04:31:37 - [MESSAGE][WARNING] - Timeout '0' is invalid. Using default page load timeout: '30'

2023-08-20 04:31:39 - [MESSAGE][PASSED] - Tapped on element 'Object Repository/Button - AC'

2023-08-20 04:31:39 - [TEST_STEP][PASSED] - tap(findTestObject("Button - 6"), 0): Tapped on element 'Object Repository/Button - 6'

2023-08-20 04:31:40 - [MESSAGE][WARNING] - Timeout '0' is invalid. Using default page load timeout: '30'

2023-08-20 04:31:40 - [MESSAGE][PASSED] - Tapped on element 'Object Repository/Button - 6'

2023-08-20 04:31:40 - [TEST_STEP][PASSED] - tap(findTestObject("Button - Subtraction"), 0): Tapped on element 'Object Repository/Button - Subtraction'

2023-08-20 04:31:41 - [MESSAGE][WARNING] - Timeout '0' is invalid. Using default page load timeout: '30'

2023-08-20 04:31:41 - [MESSAGE][PASSED] - Tapped on element 'Object Repository/Button - Subtraction'

2023-08-20 04:31:41 - [TEST_STEP][PASSED] - tap(findTestObject("Button - 1"), 0): Tapped on element 'Object Repository/Button - 1'

2023-08-20 04:31:42 - [MESSAGE][WARNING] - Timeout '0' is invalid. Using default page load timeout: '30'

2023-08-20 04:31:43 - [MESSAGE][PASSED] - Tapped on element 'Object Repository/Button - 1'

2023-08-20 04:31:43 - [TEST_STEP][PASSED] - verifyElementText(findTestObject("TextView - Result"), "5"): Actual text and expected text of test object 'Object Repository/TextView - Result' are matched.

2023-08-20 04:31:44 - [MESSAGE][PASSED] - Actual text and expected text of test object 'Object Repository/TextView - Result' are matched.

2023-08-20 04:31:44 - [TEST_STEP][PASSED] - tap(findTestObject("Button - Equal"), 0): Tapped on element 'Object Repository/Button - Equal'

2023-08-20 04:31:44 - [MESSAGE][WARNING] - Timeout '0' is invalid. Using default page load timeout: '30'

2023-08-20 04:31:46 - [MESSAGE][PASSED] - Tapped on element 'Object Repository/Button - Equal'

2023-08-20 04:31:46 - [TEST_STEP][PASSED] - delay(1, STOP_ON_FAILURE): Delayed 1 second(s)

2023-08-20 04:31:47 - [MESSAGE][PASSED] - Delayed 1 second(s)

2023-08-20 04:31:47 - [TEST_STEP][PASSED] - verifyElementText(findTestObject("TextView - Final Result"), "5"): Actual text and expected text of test object 'Object Repository/TextView - Final Result' are matched.

2023-08-20 04:31:47 - [MESSAGE][PASSED] - Actual text and expected text of test object 'Object Repository/TextView - Final Result' are matched.

2023-08-20 04:31:47 - [TEST_STEP][PASSED] - closeApplication(): Close app successfully

2023-08-20 04:31:48 - [MESSAGE][PASSED] - Close app successfully]]></system-out>
         <system-err><![CDATA[]]></system-err>
      </testcase>
      <testcase name="Test Cases/All Mathematical Operations" time="38.932" classname="Test Cases/All Mathematical Operations" status="PASSED">
         <system-out><![CDATA[2023-08-20 04:31:48 - [TEST_CASE][PASSED] - Test Cases/All Mathematical Operations: Test Cases/All Mathematical Operations

2023-08-20 04:31:48 - [TEST_STEP][PASSED] - startExistingApplication("com.google.android.calculator", STOP_ON_FAILURE): Starting app with application ID: 'com.google.android.calculator'

2023-08-20 04:31:48 - [MESSAGE][INFO] - Detected NodeJS location: "/usr/local/bin/node"

2023-08-20 04:31:50 - [MESSAGE][INFO] - Appium server started on port 52,542

2023-08-20 04:32:06 - [MESSAGE][PASSED] - Starting app with application ID: 'com.google.android.calculator'

2023-08-20 04:32:06 - [TEST_STEP][PASSED] - tap(findTestObject("Button - AC"), 0): Tapped on element 'Object Repository/Button - AC'

2023-08-20 04:32:06 - [MESSAGE][WARNING] - Timeout '0' is invalid. Using default page load timeout: '30'

2023-08-20 04:32:09 - [MESSAGE][PASSED] - Tapped on element 'Object Repository/Button - AC'

2023-08-20 04:32:09 - [TEST_STEP][PASSED] - tap(findTestObject("Button - 2"), 0): Tapped on element 'Object Repository/Button - 2'

2023-08-20 04:32:09 - [MESSAGE][WARNING] - Timeout '0' is invalid. Using default page load timeout: '30'

2023-08-20 04:32:10 - [MESSAGE][PASSED] - Tapped on element 'Object Repository/Button - 2'

2023-08-20 04:32:10 - [TEST_STEP][PASSED] - tap(findTestObject("Button - Point"), 0): Tapped on element 'Object Repository/Button - Point'

2023-08-20 04:32:10 - [MESSAGE][WARNING] - Timeout '0' is invalid. Using default page load timeout: '30'

2023-08-20 04:32:11 - [MESSAGE][PASSED] - Tapped on element 'Object Repository/Button - Point'

2023-08-20 04:32:11 - [TEST_STEP][PASSED] - tap(findTestObject("Button - 5"), 0): Tapped on element 'Object Repository/Button - 5'

2023-08-20 04:32:11 - [MESSAGE][WARNING] - Timeout '0' is invalid. Using default page load timeout: '30'

2023-08-20 04:32:12 - [MESSAGE][PASSED] - Tapped on element 'Object Repository/Button - 5'

2023-08-20 04:32:12 - [TEST_STEP][PASSED] - tap(findTestObject("Button - Multiplication"), 0): Tapped on element 'Object Repository/Button - Multiplication'

2023-08-20 04:32:12 - [MESSAGE][WARNING] - Timeout '0' is invalid. Using default page load timeout: '30'

2023-08-20 04:32:13 - [MESSAGE][PASSED] - Tapped on element 'Object Repository/Button - Multiplication'

2023-08-20 04:32:13 - [TEST_STEP][PASSED] - tap(findTestObject("Button - 1"), 0): Tapped on element 'Object Repository/Button - 1'

2023-08-20 04:32:13 - [MESSAGE][WARNING] - Timeout '0' is invalid. Using default page load timeout: '30'

2023-08-20 04:32:14 - [MESSAGE][PASSED] - Tapped on element 'Object Repository/Button - 1'

2023-08-20 04:32:14 - [TEST_STEP][PASSED] - tap(findTestObject("Button - 2"), 0): Tapped on element 'Object Repository/Button - 2'

2023-08-20 04:32:14 - [MESSAGE][WARNING] - Timeout '0' is invalid. Using default page load timeout: '30'

2023-08-20 04:32:15 - [MESSAGE][PASSED] - Tapped on element 'Object Repository/Button - 2'

2023-08-20 04:32:15 - [TEST_STEP][PASSED] - tap(findTestObject("Button - Subtraction"), 0): Tapped on element 'Object Repository/Button - Subtraction'

2023-08-20 04:32:15 - [MESSAGE][WARNING] - Timeout '0' is invalid. Using default page load timeout: '30'

2023-08-20 04:32:16 - [MESSAGE][PASSED] - Tapped on element 'Object Repository/Button - Subtraction'

2023-08-20 04:32:16 - [TEST_STEP][PASSED] - tap(findTestObject("Button - 2"), 0): Tapped on element 'Object Repository/Button - 2'

2023-08-20 04:32:16 - [MESSAGE][WARNING] - Timeout '0' is invalid. Using default page load timeout: '30'

2023-08-20 04:32:17 - [MESSAGE][PASSED] - Tapped on element 'Object Repository/Button - 2'

2023-08-20 04:32:17 - [TEST_STEP][PASSED] - tap(findTestObject("Button - 9"), 0): Tapped on element 'Object Repository/Button - 9'

2023-08-20 04:32:17 - [MESSAGE][WARNING] - Timeout '0' is invalid. Using default page load timeout: '30'

2023-08-20 04:32:18 - [MESSAGE][PASSED] - Tapped on element 'Object Repository/Button - 9'

2023-08-20 04:32:18 - [TEST_STEP][PASSED] - tap(findTestObject("Button - Addition"), 0): Tapped on element 'Object Repository/Button - Addition'

2023-08-20 04:32:18 - [MESSAGE][WARNING] - Timeout '0' is invalid. Using default page load timeout: '30'

2023-08-20 04:32:19 - [MESSAGE][PASSED] - Tapped on element 'Object Repository/Button - Addition'

2023-08-20 04:32:19 - [TEST_STEP][PASSED] - tap(findTestObject("Button - 2"), 0): Tapped on element 'Object Repository/Button - 2'

2023-08-20 04:32:19 - [MESSAGE][WARNING] - Timeout '0' is invalid. Using default page load timeout: '30'

2023-08-20 04:32:20 - [MESSAGE][PASSED] - Tapped on element 'Object Repository/Button - 2'

2023-08-20 04:32:20 - [TEST_STEP][PASSED] - tap(findTestObject("Button - Point"), 0): Tapped on element 'Object Repository/Button - Point'

2023-08-20 04:32:20 - [MESSAGE][WARNING] - Timeout '0' is invalid. Using default page load timeout: '30'

2023-08-20 04:32:21 - [MESSAGE][PASSED] - Tapped on element 'Object Repository/Button - Point'

2023-08-20 04:32:21 - [TEST_STEP][PASSED] - tap(findTestObject("Button - 3"), 0): Tapped on element 'Object Repository/Button - 3'

2023-08-20 04:32:21 - [MESSAGE][WARNING] - Timeout '0' is invalid. Using default page load timeout: '30'

2023-08-20 04:32:22 - [MESSAGE][PASSED] - Tapped on element 'Object Repository/Button - 3'

2023-08-20 04:32:22 - [TEST_STEP][PASSED] - verifyElementText(findTestObject("TextView - Result"), "3.3"): Actual text and expected text of test object 'Object Repository/TextView - Result' are matched.

2023-08-20 04:32:22 - [MESSAGE][PASSED] - Actual text and expected text of test object 'Object Repository/TextView - Result' are matched.

2023-08-20 04:32:22 - [TEST_STEP][PASSED] - tap(findTestObject("Button - Equal"), 0): Tapped on element 'Object Repository/Button - Equal'

2023-08-20 04:32:22 - [MESSAGE][WARNING] - Timeout '0' is invalid. Using default page load timeout: '30'

2023-08-20 04:32:24 - [MESSAGE][PASSED] - Tapped on element 'Object Repository/Button - Equal'

2023-08-20 04:32:24 - [TEST_STEP][PASSED] - delay(1, STOP_ON_FAILURE): Delayed 1 second(s)

2023-08-20 04:32:25 - [MESSAGE][PASSED] - Delayed 1 second(s)

2023-08-20 04:32:25 - [TEST_STEP][PASSED] - verifyElementText(findTestObject("TextView - Final Result"), "3.3"): Actual text and expected text of test object 'Object Repository/TextView - Final Result' are matched.

2023-08-20 04:32:26 - [MESSAGE][PASSED] - Actual text and expected text of test object 'Object Repository/TextView - Final Result' are matched.

2023-08-20 04:32:26 - [TEST_STEP][PASSED] - closeApplication(): Close app successfully

2023-08-20 04:32:26 - [MESSAGE][PASSED] - Close app successfully]]></system-out>
         <system-err><![CDATA[]]></system-err>
      </testcase>
      <system-out><![CDATA[2023-08-20 04:29:33 - [TEST_SUITE][PASSED] - Calculator: Test Cases/All Mathematical Operations]]></system-out>
      <system-err><![CDATA[]]></system-err>
   </testsuite>
</testsuites>
