<?xml version="1.0" encoding="UTF-8"?>
<testsuites name="Calculator" time="130.36" tests="5" failures="0" errors="0">
   <testsuite name="Calculator" tests="5" failures="0" errors="0" time="130.36" skipped="0" timestamp="2023-08-16 06:03:01" hostname="sarker - localhost" id="Test Suites/Calculator">
      <properties>
         <property name="deviceName" value="OnePlus CPH2469 (Android 13)"/>
         <property name="devicePlatform" value=""/>
         <property name="logFolder" value="/Users/sarker/Documents/Own_Projects/Calculator/Calculator/Reports/20230816_060257/Calculator/20230816_060257"/>
         <property name="logFiles" value="/Users/sarker/Documents/Own_Projects/Calculator/Calculator/Reports/20230816_060257/Calculator/20230816_060257/execution0.log, /Users/sarker/Documents/Own_Projects/Calculator/Calculator/Reports/20230816_060257/Calculator/20230816_060257/appium.log"/>
         <property name="attachments" value=""/>
         <property name="hostName" value="sarker - localhost"/>
         <property name="os" value="Mac OS X 64bit"/>
         <property name="appiumServerStatus" value="{&quot;value&quot;:{&quot;build&quot;:{&quot;version&quot;:&quot;1.22.0&quot;}},&quot;sessionId&quot;:null,&quot;status&quot;:0}"/>
         <property name="katalonVersion" value="8.6.5.208"/>
         <property name="deviceOS" value="Android"/>
         <property name="appiumVersion" value="1.22.0"/>
         <property name="deviceModel" value="CPH2469"/>
         <property name="hostAddress" value="127.0.0.1"/>
         <property name="deviceManufacturer" value="OnePlus"/>
         <property name="deviceId" value="KRYTEU85DMMNKBVK"/>
         <property name="deviceName" value="OnePlus CPH2469 (Android 13)"/>
         <property name="deviceOSVersion" value="13"/>
      </properties>
      <testcase name="Test Cases/Addition" time="30.553" classname="Test Cases/Addition" status="PASSED">
         <system-out><![CDATA[2023-08-16 06:03:01 - [TEST_CASE][PASSED] - Test Cases/Addition: Test Cases/Addition

2023-08-16 06:03:02 - [TEST_STEP][PASSED] - startExistingApplication("com.google.android.calculator", STOP_ON_FAILURE): Starting app with application ID: 'com.google.android.calculator'

2023-08-16 06:03:03 - [MESSAGE][INFO] - Detected NodeJS location: "/usr/local/bin/node"

2023-08-16 06:03:06 - [MESSAGE][INFO] - Appium server started on port 57,715

2023-08-16 06:03:22 - [MESSAGE][PASSED] - Starting app with application ID: 'com.google.android.calculator'

2023-08-16 06:03:22 - [TEST_STEP][PASSED] - tap(findTestObject("Calculator Objects/Button - 2"), 0): Tapped on element 'Object Repository/Calculator Objects/Button - 2'

2023-08-16 06:03:23 - [MESSAGE][WARNING] - Timeout '0' is invalid. Using default page load timeout: '30'

2023-08-16 06:03:25 - [MESSAGE][PASSED] - Tapped on element 'Object Repository/Calculator Objects/Button - 2'

2023-08-16 06:03:25 - [TEST_STEP][PASSED] - tap(findTestObject("Calculator Objects/Button - Addition"), 0): Tapped on element 'Object Repository/Calculator Objects/Button - Addition'

2023-08-16 06:03:25 - [MESSAGE][WARNING] - Timeout '0' is invalid. Using default page load timeout: '30'

2023-08-16 06:03:26 - [MESSAGE][PASSED] - Tapped on element 'Object Repository/Calculator Objects/Button - Addition'

2023-08-16 06:03:26 - [TEST_STEP][PASSED] - tap(findTestObject("Calculator Objects/Button - 3"), 0): Tapped on element 'Object Repository/Calculator Objects/Button - 3'

2023-08-16 06:03:26 - [MESSAGE][WARNING] - Timeout '0' is invalid. Using default page load timeout: '30'

2023-08-16 06:03:28 - [MESSAGE][PASSED] - Tapped on element 'Object Repository/Calculator Objects/Button - 3'

2023-08-16 06:03:28 - [TEST_STEP][PASSED] - verifyElementText(findTestObject("Calculator Objects/TextView - Result"), "5"): Actual text and expected text of test object 'Object Repository/Calculator Objects/TextView - Result' are matched.

2023-08-16 06:03:28 - [MESSAGE][PASSED] - Actual text and expected text of test object 'Object Repository/Calculator Objects/TextView - Result' are matched.

2023-08-16 06:03:28 - [TEST_STEP][PASSED] - tap(findTestObject("Calculator Objects/Button - Equal"), 0): Tapped on element 'Object Repository/Calculator Objects/Button - Equal'

2023-08-16 06:03:28 - [MESSAGE][WARNING] - Timeout '0' is invalid. Using default page load timeout: '30'

2023-08-16 06:03:30 - [MESSAGE][PASSED] - Tapped on element 'Object Repository/Calculator Objects/Button - Equal'

2023-08-16 06:03:30 - [TEST_STEP][PASSED] - delay(1, STOP_ON_FAILURE): Delayed 1 second(s)

2023-08-16 06:03:31 - [MESSAGE][PASSED] - Delayed 1 second(s)

2023-08-16 06:03:31 - [TEST_STEP][PASSED] - verifyElementText(findTestObject("Calculator Objects/TextView - Final Result"), "5"): Actual text and expected text of test object 'Object Repository/Calculator Objects/TextView - Final Result' are matched.

2023-08-16 06:03:31 - [MESSAGE][PASSED] - Actual text and expected text of test object 'Object Repository/Calculator Objects/TextView - Final Result' are matched.

2023-08-16 06:03:32 - [TEST_STEP][PASSED] - closeApplication(): Close app successfully

2023-08-16 06:03:32 - [MESSAGE][PASSED] - Close app successfully]]></system-out>
         <system-err><![CDATA[]]></system-err>
      </testcase>
      <testcase name="Test Cases/Multiplication" time="21.61" classname="Test Cases/Multiplication" status="PASSED">
         <system-out><![CDATA[2023-08-16 06:03:32 - [TEST_CASE][PASSED] - Test Cases/Multiplication: Test Cases/Multiplication

2023-08-16 06:03:32 - [TEST_STEP][PASSED] - startExistingApplication("com.google.android.calculator", STOP_ON_FAILURE): Starting app with application ID: 'com.google.android.calculator'

2023-08-16 06:03:33 - [MESSAGE][INFO] - Detected NodeJS location: "/usr/local/bin/node"

2023-08-16 06:03:34 - [MESSAGE][INFO] - Appium server started on port 57,883

2023-08-16 06:03:46 - [MESSAGE][PASSED] - Starting app with application ID: 'com.google.android.calculator'

2023-08-16 06:03:46 - [TEST_STEP][PASSED] - tap(findTestObject("Calculator Objects/Button - 5"), 0): Tapped on element 'Object Repository/Calculator Objects/Button - 5'

2023-08-16 06:03:46 - [MESSAGE][WARNING] - Timeout '0' is invalid. Using default page load timeout: '30'

2023-08-16 06:03:48 - [MESSAGE][PASSED] - Tapped on element 'Object Repository/Calculator Objects/Button - 5'

2023-08-16 06:03:48 - [TEST_STEP][PASSED] - tap(findTestObject("Calculator Objects/Button - Multiplication"), 0): Tapped on element 'Object Repository/Calculator Objects/Button - Multiplication'

2023-08-16 06:03:48 - [MESSAGE][WARNING] - Timeout '0' is invalid. Using default page load timeout: '30'

2023-08-16 06:03:49 - [MESSAGE][PASSED] - Tapped on element 'Object Repository/Calculator Objects/Button - Multiplication'

2023-08-16 06:03:49 - [TEST_STEP][PASSED] - tap(findTestObject("Calculator Objects/Button - 7"), 0): Tapped on element 'Object Repository/Calculator Objects/Button - 7'

2023-08-16 06:03:49 - [MESSAGE][WARNING] - Timeout '0' is invalid. Using default page load timeout: '30'

2023-08-16 06:03:50 - [MESSAGE][PASSED] - Tapped on element 'Object Repository/Calculator Objects/Button - 7'

2023-08-16 06:03:50 - [TEST_STEP][PASSED] - verifyElementText(findTestObject("Calculator Objects/TextView - Result"), "35"): Actual text and expected text of test object 'Object Repository/Calculator Objects/TextView - Result' are matched.

2023-08-16 06:03:50 - [MESSAGE][PASSED] - Actual text and expected text of test object 'Object Repository/Calculator Objects/TextView - Result' are matched.

2023-08-16 06:03:50 - [TEST_STEP][PASSED] - tap(findTestObject("Calculator Objects/Button - Equal"), 0): Tapped on element 'Object Repository/Calculator Objects/Button - Equal'

2023-08-16 06:03:50 - [MESSAGE][WARNING] - Timeout '0' is invalid. Using default page load timeout: '30'

2023-08-16 06:03:52 - [MESSAGE][PASSED] - Tapped on element 'Object Repository/Calculator Objects/Button - Equal'

2023-08-16 06:03:52 - [TEST_STEP][PASSED] - delay(1, STOP_ON_FAILURE): Delayed 1 second(s)

2023-08-16 06:03:53 - [MESSAGE][PASSED] - Delayed 1 second(s)

2023-08-16 06:03:53 - [TEST_STEP][PASSED] - verifyElementText(findTestObject("Calculator Objects/TextView - Final Result"), "35"): Actual text and expected text of test object 'Object Repository/Calculator Objects/TextView - Final Result' are matched.

2023-08-16 06:03:53 - [MESSAGE][PASSED] - Actual text and expected text of test object 'Object Repository/Calculator Objects/TextView - Final Result' are matched.

2023-08-16 06:03:53 - [TEST_STEP][PASSED] - closeApplication(): Close app successfully

2023-08-16 06:03:54 - [MESSAGE][PASSED] - Close app successfully]]></system-out>
         <system-err><![CDATA[]]></system-err>
      </testcase>
      <testcase name="Test Cases/Division" time="21.589" classname="Test Cases/Division" status="PASSED">
         <system-out><![CDATA[2023-08-16 06:03:54 - [TEST_CASE][PASSED] - Test Cases/Division: Test Cases/Division

2023-08-16 06:03:54 - [TEST_STEP][PASSED] - startExistingApplication("com.google.android.calculator", STOP_ON_FAILURE): Starting app with application ID: 'com.google.android.calculator'

2023-08-16 06:03:54 - [MESSAGE][INFO] - Detected NodeJS location: "/usr/local/bin/node"

2023-08-16 06:03:55 - [MESSAGE][INFO] - Appium server started on port 58,030

2023-08-16 06:04:08 - [MESSAGE][PASSED] - Starting app with application ID: 'com.google.android.calculator'

2023-08-16 06:04:08 - [TEST_STEP][PASSED] - tap(findTestObject("Calculator Objects/Button - 8"), 0): Tapped on element 'Object Repository/Calculator Objects/Button - 8'

2023-08-16 06:04:08 - [MESSAGE][WARNING] - Timeout '0' is invalid. Using default page load timeout: '30'

2023-08-16 06:04:09 - [MESSAGE][PASSED] - Tapped on element 'Object Repository/Calculator Objects/Button - 8'

2023-08-16 06:04:09 - [TEST_STEP][PASSED] - tap(findTestObject("Calculator Objects/Button - Division"), 0): Tapped on element 'Object Repository/Calculator Objects/Button - Division'

2023-08-16 06:04:10 - [MESSAGE][WARNING] - Timeout '0' is invalid. Using default page load timeout: '30'

2023-08-16 06:04:10 - [MESSAGE][PASSED] - Tapped on element 'Object Repository/Calculator Objects/Button - Division'

2023-08-16 06:04:10 - [TEST_STEP][PASSED] - tap(findTestObject("Calculator Objects/Button - 4"), 0): Tapped on element 'Object Repository/Calculator Objects/Button - 4'

2023-08-16 06:04:10 - [MESSAGE][WARNING] - Timeout '0' is invalid. Using default page load timeout: '30'

2023-08-16 06:04:11 - [MESSAGE][PASSED] - Tapped on element 'Object Repository/Calculator Objects/Button - 4'

2023-08-16 06:04:11 - [TEST_STEP][PASSED] - verifyElementText(findTestObject("Calculator Objects/TextView - Result"), "2"): Actual text and expected text of test object 'Object Repository/Calculator Objects/TextView - Result' are matched.

2023-08-16 06:04:12 - [MESSAGE][PASSED] - Actual text and expected text of test object 'Object Repository/Calculator Objects/TextView - Result' are matched.

2023-08-16 06:04:12 - [TEST_STEP][PASSED] - tap(findTestObject("Calculator Objects/Button - Equal"), 0): Tapped on element 'Object Repository/Calculator Objects/Button - Equal'

2023-08-16 06:04:12 - [MESSAGE][WARNING] - Timeout '0' is invalid. Using default page load timeout: '30'

2023-08-16 06:04:13 - [MESSAGE][PASSED] - Tapped on element 'Object Repository/Calculator Objects/Button - Equal'

2023-08-16 06:04:13 - [TEST_STEP][PASSED] - delay(1, STOP_ON_FAILURE): Delayed 1 second(s)

2023-08-16 06:04:14 - [MESSAGE][PASSED] - Delayed 1 second(s)

2023-08-16 06:04:14 - [TEST_STEP][PASSED] - verifyElementText(findTestObject("Calculator Objects/TextView - Final Result"), "2"): Actual text and expected text of test object 'Object Repository/Calculator Objects/TextView - Final Result' are matched.

2023-08-16 06:04:15 - [MESSAGE][PASSED] - Actual text and expected text of test object 'Object Repository/Calculator Objects/TextView - Final Result' are matched.

2023-08-16 06:04:15 - [TEST_STEP][PASSED] - closeApplication(): Close app successfully

2023-08-16 06:04:15 - [MESSAGE][PASSED] - Close app successfully]]></system-out>
         <system-err><![CDATA[]]></system-err>
      </testcase>
      <testcase name="Test Cases/Subtraction" time="21.834" classname="Test Cases/Subtraction" status="PASSED">
         <system-out><![CDATA[2023-08-16 06:04:15 - [TEST_CASE][PASSED] - Test Cases/Subtraction: Test Cases/Subtraction

2023-08-16 06:04:16 - [TEST_STEP][PASSED] - startExistingApplication("com.google.android.calculator", STOP_ON_FAILURE): Starting app with application ID: 'com.google.android.calculator'

2023-08-16 06:04:16 - [MESSAGE][INFO] - Detected NodeJS location: "/usr/local/bin/node"

2023-08-16 06:04:17 - [MESSAGE][INFO] - Appium server started on port 58,176

2023-08-16 06:04:30 - [MESSAGE][PASSED] - Starting app with application ID: 'com.google.android.calculator'

2023-08-16 06:04:30 - [TEST_STEP][PASSED] - tap(findTestObject("Calculator Objects/Button - 6"), 0): Tapped on element 'Object Repository/Calculator Objects/Button - 6'

2023-08-16 06:04:30 - [MESSAGE][WARNING] - Timeout '0' is invalid. Using default page load timeout: '30'

2023-08-16 06:04:31 - [MESSAGE][PASSED] - Tapped on element 'Object Repository/Calculator Objects/Button - 6'

2023-08-16 06:04:31 - [TEST_STEP][PASSED] - tap(findTestObject("Calculator Objects/Button - Subtraction"), 0): Tapped on element 'Object Repository/Calculator Objects/Button - Subtraction'

2023-08-16 06:04:31 - [MESSAGE][WARNING] - Timeout '0' is invalid. Using default page load timeout: '30'

2023-08-16 06:04:32 - [MESSAGE][PASSED] - Tapped on element 'Object Repository/Calculator Objects/Button - Subtraction'

2023-08-16 06:04:32 - [TEST_STEP][PASSED] - tap(findTestObject("Calculator Objects/Button - 1"), 0): Tapped on element 'Object Repository/Calculator Objects/Button - 1'

2023-08-16 06:04:32 - [MESSAGE][WARNING] - Timeout '0' is invalid. Using default page load timeout: '30'

2023-08-16 06:04:33 - [MESSAGE][PASSED] - Tapped on element 'Object Repository/Calculator Objects/Button - 1'

2023-08-16 06:04:33 - [TEST_STEP][PASSED] - verifyElementText(findTestObject("Calculator Objects/TextView - Result"), "5"): Actual text and expected text of test object 'Object Repository/Calculator Objects/TextView - Result' are matched.

2023-08-16 06:04:34 - [MESSAGE][PASSED] - Actual text and expected text of test object 'Object Repository/Calculator Objects/TextView - Result' are matched.

2023-08-16 06:04:34 - [TEST_STEP][PASSED] - tap(findTestObject("Calculator Objects/Button - Equal"), 0): Tapped on element 'Object Repository/Calculator Objects/Button - Equal'

2023-08-16 06:04:34 - [MESSAGE][WARNING] - Timeout '0' is invalid. Using default page load timeout: '30'

2023-08-16 06:04:35 - [MESSAGE][PASSED] - Tapped on element 'Object Repository/Calculator Objects/Button - Equal'

2023-08-16 06:04:35 - [TEST_STEP][PASSED] - delay(1, STOP_ON_FAILURE): Delayed 1 second(s)

2023-08-16 06:04:36 - [MESSAGE][PASSED] - Delayed 1 second(s)

2023-08-16 06:04:36 - [TEST_STEP][PASSED] - verifyElementText(findTestObject("Calculator Objects/TextView - Final Result"), "5"): Actual text and expected text of test object 'Object Repository/Calculator Objects/TextView - Final Result' are matched.

2023-08-16 06:04:37 - [MESSAGE][PASSED] - Actual text and expected text of test object 'Object Repository/Calculator Objects/TextView - Final Result' are matched.

2023-08-16 06:04:37 - [TEST_STEP][PASSED] - closeApplication(): Close app successfully

2023-08-16 06:04:37 - [MESSAGE][PASSED] - Close app successfully]]></system-out>
         <system-err><![CDATA[]]></system-err>
      </testcase>
      <testcase name="Test Cases/All Mathematical Operations" time="34.278" classname="Test Cases/All Mathematical Operations" status="PASSED">
         <system-out><![CDATA[2023-08-16 06:04:37 - [TEST_CASE][PASSED] - Test Cases/All Mathematical Operations: Test Cases/All Mathematical Operations

2023-08-16 06:04:37 - [TEST_STEP][PASSED] - startExistingApplication("com.google.android.calculator", STOP_ON_FAILURE): Starting app with application ID: 'com.google.android.calculator'

2023-08-16 06:04:38 - [MESSAGE][INFO] - Detected NodeJS location: "/usr/local/bin/node"

2023-08-16 06:04:39 - [MESSAGE][INFO] - Appium server started on port 58,319

2023-08-16 06:04:51 - [MESSAGE][PASSED] - Starting app with application ID: 'com.google.android.calculator'

2023-08-16 06:04:51 - [TEST_STEP][PASSED] - tap(findTestObject("Calculator Objects/Button - 2"), 0): Tapped on element 'Object Repository/Calculator Objects/Button - 2'

2023-08-16 06:04:51 - [MESSAGE][WARNING] - Timeout '0' is invalid. Using default page load timeout: '30'

2023-08-16 06:04:53 - [MESSAGE][PASSED] - Tapped on element 'Object Repository/Calculator Objects/Button - 2'

2023-08-16 06:04:53 - [TEST_STEP][PASSED] - tap(findTestObject("Calculator Objects/Button - Point"), 0): Tapped on element 'Object Repository/Calculator Objects/Button - Point'

2023-08-16 06:04:53 - [MESSAGE][WARNING] - Timeout '0' is invalid. Using default page load timeout: '30'

2023-08-16 06:04:54 - [MESSAGE][PASSED] - Tapped on element 'Object Repository/Calculator Objects/Button - Point'

2023-08-16 06:04:54 - [TEST_STEP][PASSED] - tap(findTestObject("Calculator Objects/Button - 5"), 0): Tapped on element 'Object Repository/Calculator Objects/Button - 5'

2023-08-16 06:04:54 - [MESSAGE][WARNING] - Timeout '0' is invalid. Using default page load timeout: '30'

2023-08-16 06:04:55 - [MESSAGE][PASSED] - Tapped on element 'Object Repository/Calculator Objects/Button - 5'

2023-08-16 06:04:55 - [TEST_STEP][PASSED] - tap(findTestObject("Calculator Objects/Button - Multiplication"), 0): Tapped on element 'Object Repository/Calculator Objects/Button - Multiplication'

2023-08-16 06:04:55 - [MESSAGE][WARNING] - Timeout '0' is invalid. Using default page load timeout: '30'

2023-08-16 06:04:56 - [MESSAGE][PASSED] - Tapped on element 'Object Repository/Calculator Objects/Button - Multiplication'

2023-08-16 06:04:56 - [TEST_STEP][PASSED] - tap(findTestObject("Calculator Objects/Button - 1"), 0): Tapped on element 'Object Repository/Calculator Objects/Button - 1'

2023-08-16 06:04:56 - [MESSAGE][WARNING] - Timeout '0' is invalid. Using default page load timeout: '30'

2023-08-16 06:04:57 - [MESSAGE][PASSED] - Tapped on element 'Object Repository/Calculator Objects/Button - 1'

2023-08-16 06:04:57 - [TEST_STEP][PASSED] - tap(findTestObject("Calculator Objects/Button - 2"), 0): Tapped on element 'Object Repository/Calculator Objects/Button - 2'

2023-08-16 06:04:57 - [MESSAGE][WARNING] - Timeout '0' is invalid. Using default page load timeout: '30'

2023-08-16 06:04:58 - [MESSAGE][PASSED] - Tapped on element 'Object Repository/Calculator Objects/Button - 2'

2023-08-16 06:04:58 - [TEST_STEP][PASSED] - tap(findTestObject("Calculator Objects/Button - Subtraction"), 0): Tapped on element 'Object Repository/Calculator Objects/Button - Subtraction'

2023-08-16 06:04:58 - [MESSAGE][WARNING] - Timeout '0' is invalid. Using default page load timeout: '30'

2023-08-16 06:05:00 - [MESSAGE][PASSED] - Tapped on element 'Object Repository/Calculator Objects/Button - Subtraction'

2023-08-16 06:05:00 - [TEST_STEP][PASSED] - tap(findTestObject("Calculator Objects/Button - 2"), 0): Tapped on element 'Object Repository/Calculator Objects/Button - 2'

2023-08-16 06:05:00 - [MESSAGE][WARNING] - Timeout '0' is invalid. Using default page load timeout: '30'

2023-08-16 06:05:01 - [MESSAGE][PASSED] - Tapped on element 'Object Repository/Calculator Objects/Button - 2'

2023-08-16 06:05:01 - [TEST_STEP][PASSED] - tap(findTestObject("Calculator Objects/Button - 9"), 0): Tapped on element 'Object Repository/Calculator Objects/Button - 9'

2023-08-16 06:05:01 - [MESSAGE][WARNING] - Timeout '0' is invalid. Using default page load timeout: '30'

2023-08-16 06:05:02 - [MESSAGE][PASSED] - Tapped on element 'Object Repository/Calculator Objects/Button - 9'

2023-08-16 06:05:02 - [TEST_STEP][PASSED] - tap(findTestObject("Calculator Objects/Button - Addition"), 0): Tapped on element 'Object Repository/Calculator Objects/Button - Addition'

2023-08-16 06:05:02 - [MESSAGE][WARNING] - Timeout '0' is invalid. Using default page load timeout: '30'

2023-08-16 06:05:04 - [MESSAGE][PASSED] - Tapped on element 'Object Repository/Calculator Objects/Button - Addition'

2023-08-16 06:05:04 - [TEST_STEP][PASSED] - tap(findTestObject("Calculator Objects/Button - 2"), 0): Tapped on element 'Object Repository/Calculator Objects/Button - 2'

2023-08-16 06:05:04 - [MESSAGE][WARNING] - Timeout '0' is invalid. Using default page load timeout: '30'

2023-08-16 06:05:05 - [MESSAGE][PASSED] - Tapped on element 'Object Repository/Calculator Objects/Button - 2'

2023-08-16 06:05:05 - [TEST_STEP][PASSED] - tap(findTestObject("Calculator Objects/Button - Point"), 0): Tapped on element 'Object Repository/Calculator Objects/Button - Point'

2023-08-16 06:05:05 - [MESSAGE][WARNING] - Timeout '0' is invalid. Using default page load timeout: '30'

2023-08-16 06:05:06 - [MESSAGE][PASSED] - Tapped on element 'Object Repository/Calculator Objects/Button - Point'

2023-08-16 06:05:06 - [TEST_STEP][PASSED] - tap(findTestObject("Calculator Objects/Button - 3"), 0): Tapped on element 'Object Repository/Calculator Objects/Button - 3'

2023-08-16 06:05:06 - [MESSAGE][WARNING] - Timeout '0' is invalid. Using default page load timeout: '30'

2023-08-16 06:05:07 - [MESSAGE][PASSED] - Tapped on element 'Object Repository/Calculator Objects/Button - 3'

2023-08-16 06:05:07 - [TEST_STEP][PASSED] - verifyElementText(findTestObject("Calculator Objects/TextView - Result"), "3.3"): Actual text and expected text of test object 'Object Repository/Calculator Objects/TextView - Result' are matched.

2023-08-16 06:05:08 - [MESSAGE][PASSED] - Actual text and expected text of test object 'Object Repository/Calculator Objects/TextView - Result' are matched.

2023-08-16 06:05:08 - [TEST_STEP][PASSED] - tap(findTestObject("Calculator Objects/Button - Equal"), 0): Tapped on element 'Object Repository/Calculator Objects/Button - Equal'

2023-08-16 06:05:08 - [MESSAGE][WARNING] - Timeout '0' is invalid. Using default page load timeout: '30'

2023-08-16 06:05:09 - [MESSAGE][PASSED] - Tapped on element 'Object Repository/Calculator Objects/Button - Equal'

2023-08-16 06:05:09 - [TEST_STEP][PASSED] - delay(1, STOP_ON_FAILURE): Delayed 1 second(s)

2023-08-16 06:05:10 - [MESSAGE][PASSED] - Delayed 1 second(s)

2023-08-16 06:05:10 - [TEST_STEP][PASSED] - verifyElementText(findTestObject("Calculator Objects/TextView - Final Result"), "3.3"): Actual text and expected text of test object 'Object Repository/Calculator Objects/TextView - Final Result' are matched.

2023-08-16 06:05:11 - [MESSAGE][PASSED] - Actual text and expected text of test object 'Object Repository/Calculator Objects/TextView - Final Result' are matched.

2023-08-16 06:05:11 - [TEST_STEP][PASSED] - closeApplication(): Close app successfully

2023-08-16 06:05:11 - [MESSAGE][PASSED] - Close app successfully]]></system-out>
         <system-err><![CDATA[]]></system-err>
      </testcase>
      <system-out><![CDATA[2023-08-16 06:03:01 - [TEST_SUITE][PASSED] - Calculator: Test Cases/All Mathematical Operations]]></system-out>
      <system-err><![CDATA[]]></system-err>
   </testsuite>
</testsuites>
