<?xml version="1.0" encoding="UTF-8"?>
<testsuites name="Calculator" time="151.485" tests="5" failures="0" errors="0">
   <testsuite name="Calculator" tests="5" failures="0" errors="0" time="151.485" skipped="0" timestamp="2023-08-20 03:55:49" hostname="sarker - localhost" id="Test Suites/Calculator">
      <properties>
         <property name="deviceName" value="OnePlus CPH2469 (Android 13)"/>
         <property name="devicePlatform" value=""/>
         <property name="logFolder" value="/Users/sarker/Documents/Own_Projects/Mobile Application Automation/Source Code/Reports/20230820_035545/Calculator/20230820_035545"/>
         <property name="logFiles" value="/Users/sarker/Documents/Own_Projects/Mobile Application Automation/Source Code/Reports/20230820_035545/Calculator/20230820_035545/execution0.log, /Users/sarker/Documents/Own_Projects/Mobile Application Automation/Source Code/Reports/20230820_035545/Calculator/20230820_035545/appium.log"/>
         <property name="attachments" value=""/>
         <property name="hostName" value="sarker - localhost"/>
         <property name="os" value="Mac OS X 64bit"/>
         <property name="appiumServerStatus" value="{&quot;value&quot;:{&quot;build&quot;:{&quot;version&quot;:&quot;1.22.0&quot;}},&quot;sessionId&quot;:null,&quot;status&quot;:0}"/>
         <property name="katalonVersion" value="8.6.5.208"/>
         <property name="deviceOS" value="Android"/>
         <property name="appiumVersion" value="1.22.0"/>
         <property name="deviceModel" value="CPH2469"/>
         <property name="hostAddress" value="127.0.0.1"/>
         <property name="deviceManufacturer" value="OnePlus"/>
         <property name="deviceId" value="KRYTEU85DMMNKBVK"/>
         <property name="deviceName" value="OnePlus CPH2469 (Android 13)"/>
         <property name="deviceOSVersion" value="13"/>
      </properties>
      <testcase name="Test Cases/Addition" time="32.467" classname="Test Cases/Addition" status="PASSED">
         <system-out><![CDATA[2023-08-20 03:55:49 - [TEST_CASE][PASSED] - Test Cases/Addition: Test Cases/Addition

2023-08-20 03:55:49 - [TEST_STEP][PASSED] - startExistingApplication("com.google.android.calculator", STOP_ON_FAILURE): Starting app with application ID: 'com.google.android.calculator'

2023-08-20 03:55:50 - [MESSAGE][INFO] - Detected NodeJS location: "/usr/local/bin/node"

2023-08-20 03:55:52 - [MESSAGE][INFO] - Appium server started on port 63,513

2023-08-20 03:56:10 - [MESSAGE][PASSED] - Starting app with application ID: 'com.google.android.calculator'

2023-08-20 03:56:10 - [TEST_STEP][PASSED] - tap(findTestObject("Button - AC"), 0): Tapped on element 'Object Repository/Button - AC'

2023-08-20 03:56:10 - [MESSAGE][WARNING] - Timeout '0' is invalid. Using default page load timeout: '30'

2023-08-20 03:56:13 - [MESSAGE][PASSED] - Tapped on element 'Object Repository/Button - AC'

2023-08-20 03:56:13 - [TEST_STEP][PASSED] - tap(findTestObject("Button - 2"), 0): Tapped on element 'Object Repository/Button - 2'

2023-08-20 03:56:13 - [MESSAGE][WARNING] - Timeout '0' is invalid. Using default page load timeout: '30'

2023-08-20 03:56:13 - [MESSAGE][PASSED] - Tapped on element 'Object Repository/Button - 2'

2023-08-20 03:56:13 - [TEST_STEP][PASSED] - tap(findTestObject("Button - Addition"), 0): Tapped on element 'Object Repository/Button - Addition'

2023-08-20 03:56:13 - [MESSAGE][WARNING] - Timeout '0' is invalid. Using default page load timeout: '30'

2023-08-20 03:56:15 - [MESSAGE][PASSED] - Tapped on element 'Object Repository/Button - Addition'

2023-08-20 03:56:15 - [TEST_STEP][PASSED] - tap(findTestObject("Button - 3"), 0): Tapped on element 'Object Repository/Button - 3'

2023-08-20 03:56:15 - [MESSAGE][WARNING] - Timeout '0' is invalid. Using default page load timeout: '30'

2023-08-20 03:56:17 - [MESSAGE][PASSED] - Tapped on element 'Object Repository/Button - 3'

2023-08-20 03:56:17 - [TEST_STEP][PASSED] - verifyElementText(findTestObject("TextView - Result"), "5"): Actual text and expected text of test object 'Object Repository/TextView - Result' are matched.

2023-08-20 03:56:17 - [MESSAGE][PASSED] - Actual text and expected text of test object 'Object Repository/TextView - Result' are matched.

2023-08-20 03:56:17 - [TEST_STEP][PASSED] - tap(findTestObject("Button - Equal"), 0): Tapped on element 'Object Repository/Button - Equal'

2023-08-20 03:56:17 - [MESSAGE][WARNING] - Timeout '0' is invalid. Using default page load timeout: '30'

2023-08-20 03:56:19 - [MESSAGE][PASSED] - Tapped on element 'Object Repository/Button - Equal'

2023-08-20 03:56:19 - [TEST_STEP][PASSED] - delay(1, STOP_ON_FAILURE): Delayed 1 second(s)

2023-08-20 03:56:20 - [MESSAGE][PASSED] - Delayed 1 second(s)

2023-08-20 03:56:20 - [TEST_STEP][PASSED] - verifyElementText(findTestObject("TextView - Final Result"), "5"): Actual text and expected text of test object 'Object Repository/TextView - Final Result' are matched.

2023-08-20 03:56:21 - [MESSAGE][PASSED] - Actual text and expected text of test object 'Object Repository/TextView - Final Result' are matched.

2023-08-20 03:56:21 - [TEST_STEP][PASSED] - closeApplication(): Close app successfully

2023-08-20 03:56:21 - [MESSAGE][PASSED] - Close app successfully]]></system-out>
         <system-err><![CDATA[]]></system-err>
      </testcase>
      <testcase name="Test Cases/Multiplication" time="25.818" classname="Test Cases/Multiplication" status="PASSED">
         <system-out><![CDATA[2023-08-20 03:56:21 - [TEST_CASE][PASSED] - Test Cases/Multiplication: Test Cases/Multiplication

2023-08-20 03:56:22 - [TEST_STEP][PASSED] - startExistingApplication("com.google.android.calculator", STOP_ON_FAILURE): Starting app with application ID: 'com.google.android.calculator'

2023-08-20 03:56:22 - [MESSAGE][INFO] - Detected NodeJS location: "/usr/local/bin/node"

2023-08-20 03:56:23 - [MESSAGE][INFO] - Appium server started on port 63,691

2023-08-20 03:56:38 - [MESSAGE][PASSED] - Starting app with application ID: 'com.google.android.calculator'

2023-08-20 03:56:38 - [TEST_STEP][PASSED] - tap(findTestObject("Button - AC"), 0): Tapped on element 'Object Repository/Button - AC'

2023-08-20 03:56:38 - [MESSAGE][WARNING] - Timeout '0' is invalid. Using default page load timeout: '30'

2023-08-20 03:56:40 - [MESSAGE][PASSED] - Tapped on element 'Object Repository/Button - AC'

2023-08-20 03:56:40 - [TEST_STEP][PASSED] - tap(findTestObject("Button - 5"), 0): Tapped on element 'Object Repository/Button - 5'

2023-08-20 03:56:40 - [MESSAGE][WARNING] - Timeout '0' is invalid. Using default page load timeout: '30'

2023-08-20 03:56:41 - [MESSAGE][PASSED] - Tapped on element 'Object Repository/Button - 5'

2023-08-20 03:56:41 - [TEST_STEP][PASSED] - tap(findTestObject("Button - Multiplication"), 0): Tapped on element 'Object Repository/Button - Multiplication'

2023-08-20 03:56:41 - [MESSAGE][WARNING] - Timeout '0' is invalid. Using default page load timeout: '30'

2023-08-20 03:56:42 - [MESSAGE][PASSED] - Tapped on element 'Object Repository/Button - Multiplication'

2023-08-20 03:56:42 - [TEST_STEP][PASSED] - tap(findTestObject("Button - 7"), 0): Tapped on element 'Object Repository/Button - 7'

2023-08-20 03:56:42 - [MESSAGE][WARNING] - Timeout '0' is invalid. Using default page load timeout: '30'

2023-08-20 03:56:43 - [MESSAGE][PASSED] - Tapped on element 'Object Repository/Button - 7'

2023-08-20 03:56:43 - [TEST_STEP][PASSED] - verifyElementText(findTestObject("TextView - Result"), "35"): Actual text and expected text of test object 'Object Repository/TextView - Result' are matched.

2023-08-20 03:56:43 - [MESSAGE][PASSED] - Actual text and expected text of test object 'Object Repository/TextView - Result' are matched.

2023-08-20 03:56:43 - [TEST_STEP][PASSED] - tap(findTestObject("Button - Equal"), 0): Tapped on element 'Object Repository/Button - Equal'

2023-08-20 03:56:43 - [MESSAGE][WARNING] - Timeout '0' is invalid. Using default page load timeout: '30'

2023-08-20 03:56:45 - [MESSAGE][PASSED] - Tapped on element 'Object Repository/Button - Equal'

2023-08-20 03:56:45 - [TEST_STEP][PASSED] - delay(1, STOP_ON_FAILURE): Delayed 1 second(s)

2023-08-20 03:56:46 - [MESSAGE][PASSED] - Delayed 1 second(s)

2023-08-20 03:56:46 - [TEST_STEP][PASSED] - verifyElementText(findTestObject("TextView - Final Result"), "35"): Actual text and expected text of test object 'Object Repository/TextView - Final Result' are matched.

2023-08-20 03:56:47 - [MESSAGE][PASSED] - Actual text and expected text of test object 'Object Repository/TextView - Final Result' are matched.

2023-08-20 03:56:47 - [TEST_STEP][PASSED] - closeApplication(): Close app successfully

2023-08-20 03:56:47 - [MESSAGE][PASSED] - Close app successfully]]></system-out>
         <system-err><![CDATA[]]></system-err>
      </testcase>
      <testcase name="Test Cases/Division" time="32.16" classname="Test Cases/Division" status="PASSED">
         <system-out><![CDATA[2023-08-20 03:56:47 - [TEST_CASE][PASSED] - Test Cases/Division: Test Cases/Division

2023-08-20 03:56:48 - [TEST_STEP][PASSED] - startExistingApplication("com.google.android.calculator", STOP_ON_FAILURE): Starting app with application ID: 'com.google.android.calculator'

2023-08-20 03:56:48 - [MESSAGE][INFO] - Detected NodeJS location: "/usr/local/bin/node"

2023-08-20 03:56:49 - [MESSAGE][INFO] - Appium server started on port 63,865

2023-08-20 03:57:03 - [MESSAGE][PASSED] - Starting app with application ID: 'com.google.android.calculator'

2023-08-20 03:57:03 - [TEST_STEP][PASSED] - tap(findTestObject("Button - AC"), 0): Tapped on element 'Object Repository/Button - AC'

2023-08-20 03:57:03 - [MESSAGE][WARNING] - Timeout '0' is invalid. Using default page load timeout: '30'

2023-08-20 03:57:06 - [MESSAGE][PASSED] - Tapped on element 'Object Repository/Button - AC'

2023-08-20 03:57:06 - [TEST_STEP][PASSED] - tap(findTestObject("Button - 8"), 0): Tapped on element 'Object Repository/Button - 8'

2023-08-20 03:57:06 - [MESSAGE][WARNING] - Timeout '0' is invalid. Using default page load timeout: '30'

2023-08-20 03:57:07 - [MESSAGE][PASSED] - Tapped on element 'Object Repository/Button - 8'

2023-08-20 03:57:07 - [TEST_STEP][PASSED] - tap(findTestObject("Button - Division"), 0): Tapped on element 'Object Repository/Button - Division'

2023-08-20 03:57:07 - [MESSAGE][WARNING] - Timeout '0' is invalid. Using default page load timeout: '30'

2023-08-20 03:57:08 - [MESSAGE][PASSED] - Tapped on element 'Object Repository/Button - Division'

2023-08-20 03:57:08 - [TEST_STEP][PASSED] - tap(findTestObject("Button - 4"), 0): Tapped on element 'Object Repository/Button - 4'

2023-08-20 03:57:08 - [MESSAGE][WARNING] - Timeout '0' is invalid. Using default page load timeout: '30'

2023-08-20 03:57:09 - [MESSAGE][PASSED] - Tapped on element 'Object Repository/Button - 4'

2023-08-20 03:57:09 - [TEST_STEP][PASSED] - verifyElementText(findTestObject("TextView - Result"), "2"): Actual text and expected text of test object 'Object Repository/TextView - Result' are matched.

2023-08-20 03:57:09 - [MESSAGE][PASSED] - Actual text and expected text of test object 'Object Repository/TextView - Result' are matched.

2023-08-20 03:57:09 - [TEST_STEP][PASSED] - tap(findTestObject("Button - Equal"), 0): Tapped on element 'Object Repository/Button - Equal'

2023-08-20 03:57:09 - [MESSAGE][WARNING] - Timeout '0' is invalid. Using default page load timeout: '30'

2023-08-20 03:57:11 - [MESSAGE][PASSED] - Tapped on element 'Object Repository/Button - Equal'

2023-08-20 03:57:11 - [TEST_STEP][PASSED] - delay(1, STOP_ON_FAILURE): Delayed 1 second(s)

2023-08-20 03:57:12 - [MESSAGE][PASSED] - Delayed 1 second(s)

2023-08-20 03:57:12 - [TEST_STEP][PASSED] - verifyElementText(findTestObject("TextView - Final Result"), "2"): Actual text and expected text of test object 'Object Repository/TextView - Final Result' are matched.

2023-08-20 03:57:13 - [MESSAGE][PASSED] - Actual text and expected text of test object 'Object Repository/TextView - Final Result' are matched.

2023-08-20 03:57:13 - [TEST_STEP][PASSED] - tap(findTestObject("Button - AC"), 0): Tapped on element 'Object Repository/Button - AC'

2023-08-20 03:57:13 - [MESSAGE][WARNING] - Timeout '0' is invalid. Using default page load timeout: '30'

2023-08-20 03:57:14 - [MESSAGE][PASSED] - Tapped on element 'Object Repository/Button - AC'

2023-08-20 03:57:14 - [TEST_STEP][PASSED] - tap(findTestObject("Button - 1"), 0): Tapped on element 'Object Repository/Button - 1'

2023-08-20 03:57:14 - [MESSAGE][WARNING] - Timeout '0' is invalid. Using default page load timeout: '30'

2023-08-20 03:57:15 - [MESSAGE][PASSED] - Tapped on element 'Object Repository/Button - 1'

2023-08-20 03:57:15 - [TEST_STEP][PASSED] - tap(findTestObject("Button - Division"), 0): Tapped on element 'Object Repository/Button - Division'

2023-08-20 03:57:15 - [MESSAGE][WARNING] - Timeout '0' is invalid. Using default page load timeout: '30'

2023-08-20 03:57:16 - [MESSAGE][PASSED] - Tapped on element 'Object Repository/Button - Division'

2023-08-20 03:57:16 - [TEST_STEP][PASSED] - tap(findTestObject("Button - 0"), 0): Tapped on element 'Object Repository/Button - 0'

2023-08-20 03:57:16 - [MESSAGE][WARNING] - Timeout '0' is invalid. Using default page load timeout: '30'

2023-08-20 03:57:17 - [MESSAGE][PASSED] - Tapped on element 'Object Repository/Button - 0'

2023-08-20 03:57:17 - [TEST_STEP][PASSED] - tap(findTestObject("Button - Equal"), 0): Tapped on element 'Object Repository/Button - Equal'

2023-08-20 03:57:17 - [MESSAGE][WARNING] - Timeout '0' is invalid. Using default page load timeout: '30'

2023-08-20 03:57:18 - [MESSAGE][PASSED] - Tapped on element 'Object Repository/Button - Equal'

2023-08-20 03:57:18 - [TEST_STEP][PASSED] - verifyElementText(findTestObject("TextView - Result"), "Can't divide by 0"): Actual text and expected text of test object 'Object Repository/TextView - Result' are matched.

2023-08-20 03:57:19 - [MESSAGE][PASSED] - Actual text and expected text of test object 'Object Repository/TextView - Result' are matched.

2023-08-20 03:57:19 - [TEST_STEP][PASSED] - closeApplication(): Close app successfully

2023-08-20 03:57:19 - [MESSAGE][PASSED] - Close app successfully]]></system-out>
         <system-err><![CDATA[]]></system-err>
      </testcase>
      <testcase name="Test Cases/Subtraction" time="24.121" classname="Test Cases/Subtraction" status="PASSED">
         <system-out><![CDATA[2023-08-20 03:57:19 - [TEST_CASE][PASSED] - Test Cases/Subtraction: Test Cases/Subtraction

2023-08-20 03:57:20 - [TEST_STEP][PASSED] - startExistingApplication("com.google.android.calculator", STOP_ON_FAILURE): Starting app with application ID: 'com.google.android.calculator'

2023-08-20 03:57:20 - [MESSAGE][INFO] - Detected NodeJS location: "/usr/local/bin/node"

2023-08-20 03:57:21 - [MESSAGE][INFO] - Appium server started on port 64,059

2023-08-20 03:57:34 - [MESSAGE][PASSED] - Starting app with application ID: 'com.google.android.calculator'

2023-08-20 03:57:34 - [TEST_STEP][PASSED] - tap(findTestObject("Button - AC"), 0): Tapped on element 'Object Repository/Button - AC'

2023-08-20 03:57:34 - [MESSAGE][WARNING] - Timeout '0' is invalid. Using default page load timeout: '30'

2023-08-20 03:57:36 - [MESSAGE][PASSED] - Tapped on element 'Object Repository/Button - AC'

2023-08-20 03:57:36 - [TEST_STEP][PASSED] - tap(findTestObject("Button - 6"), 0): Tapped on element 'Object Repository/Button - 6'

2023-08-20 03:57:36 - [MESSAGE][WARNING] - Timeout '0' is invalid. Using default page load timeout: '30'

2023-08-20 03:57:37 - [MESSAGE][PASSED] - Tapped on element 'Object Repository/Button - 6'

2023-08-20 03:57:37 - [TEST_STEP][PASSED] - tap(findTestObject("Button - Subtraction"), 0): Tapped on element 'Object Repository/Button - Subtraction'

2023-08-20 03:57:37 - [MESSAGE][WARNING] - Timeout '0' is invalid. Using default page load timeout: '30'

2023-08-20 03:57:38 - [MESSAGE][PASSED] - Tapped on element 'Object Repository/Button - Subtraction'

2023-08-20 03:57:38 - [TEST_STEP][PASSED] - tap(findTestObject("Button - 1"), 0): Tapped on element 'Object Repository/Button - 1'

2023-08-20 03:57:38 - [MESSAGE][WARNING] - Timeout '0' is invalid. Using default page load timeout: '30'

2023-08-20 03:57:39 - [MESSAGE][PASSED] - Tapped on element 'Object Repository/Button - 1'

2023-08-20 03:57:39 - [TEST_STEP][PASSED] - verifyElementText(findTestObject("TextView - Result"), "5"): Actual text and expected text of test object 'Object Repository/TextView - Result' are matched.

2023-08-20 03:57:39 - [MESSAGE][PASSED] - Actual text and expected text of test object 'Object Repository/TextView - Result' are matched.

2023-08-20 03:57:39 - [TEST_STEP][PASSED] - tap(findTestObject("Button - Equal"), 0): Tapped on element 'Object Repository/Button - Equal'

2023-08-20 03:57:39 - [MESSAGE][WARNING] - Timeout '0' is invalid. Using default page load timeout: '30'

2023-08-20 03:57:41 - [MESSAGE][PASSED] - Tapped on element 'Object Repository/Button - Equal'

2023-08-20 03:57:41 - [TEST_STEP][PASSED] - delay(1, STOP_ON_FAILURE): Delayed 1 second(s)

2023-08-20 03:57:42 - [MESSAGE][PASSED] - Delayed 1 second(s)

2023-08-20 03:57:42 - [TEST_STEP][PASSED] - verifyElementText(findTestObject("TextView - Final Result"), "5"): Actual text and expected text of test object 'Object Repository/TextView - Final Result' are matched.

2023-08-20 03:57:43 - [MESSAGE][PASSED] - Actual text and expected text of test object 'Object Repository/TextView - Final Result' are matched.

2023-08-20 03:57:43 - [TEST_STEP][PASSED] - closeApplication(): Close app successfully

2023-08-20 03:57:44 - [MESSAGE][PASSED] - Close app successfully]]></system-out>
         <system-err><![CDATA[]]></system-err>
      </testcase>
      <testcase name="Test Cases/All Mathematical Operations" time="36.506" classname="Test Cases/All Mathematical Operations" status="PASSED">
         <system-out><![CDATA[2023-08-20 03:57:44 - [TEST_CASE][PASSED] - Test Cases/All Mathematical Operations: Test Cases/All Mathematical Operations

2023-08-20 03:57:44 - [TEST_STEP][PASSED] - startExistingApplication("com.google.android.calculator", STOP_ON_FAILURE): Starting app with application ID: 'com.google.android.calculator'

2023-08-20 03:57:44 - [MESSAGE][INFO] - Detected NodeJS location: "/usr/local/bin/node"

2023-08-20 03:57:46 - [MESSAGE][INFO] - Appium server started on port 64,224

2023-08-20 03:58:00 - [MESSAGE][PASSED] - Starting app with application ID: 'com.google.android.calculator'

2023-08-20 03:58:00 - [TEST_STEP][PASSED] - tap(findTestObject("Button - AC"), 0): Tapped on element 'Object Repository/Button - AC'

2023-08-20 03:58:00 - [MESSAGE][WARNING] - Timeout '0' is invalid. Using default page load timeout: '30'

2023-08-20 03:58:03 - [MESSAGE][PASSED] - Tapped on element 'Object Repository/Button - AC'

2023-08-20 03:58:03 - [TEST_STEP][PASSED] - tap(findTestObject("Button - 2"), 0): Tapped on element 'Object Repository/Button - 2'

2023-08-20 03:58:03 - [MESSAGE][WARNING] - Timeout '0' is invalid. Using default page load timeout: '30'

2023-08-20 03:58:04 - [MESSAGE][PASSED] - Tapped on element 'Object Repository/Button - 2'

2023-08-20 03:58:04 - [TEST_STEP][PASSED] - tap(findTestObject("Button - Point"), 0): Tapped on element 'Object Repository/Button - Point'

2023-08-20 03:58:04 - [MESSAGE][WARNING] - Timeout '0' is invalid. Using default page load timeout: '30'

2023-08-20 03:58:05 - [MESSAGE][PASSED] - Tapped on element 'Object Repository/Button - Point'

2023-08-20 03:58:05 - [TEST_STEP][PASSED] - tap(findTestObject("Button - 5"), 0): Tapped on element 'Object Repository/Button - 5'

2023-08-20 03:58:05 - [MESSAGE][WARNING] - Timeout '0' is invalid. Using default page load timeout: '30'

2023-08-20 03:58:06 - [MESSAGE][PASSED] - Tapped on element 'Object Repository/Button - 5'

2023-08-20 03:58:06 - [TEST_STEP][PASSED] - tap(findTestObject("Button - Multiplication"), 0): Tapped on element 'Object Repository/Button - Multiplication'

2023-08-20 03:58:06 - [MESSAGE][WARNING] - Timeout '0' is invalid. Using default page load timeout: '30'

2023-08-20 03:58:07 - [MESSAGE][PASSED] - Tapped on element 'Object Repository/Button - Multiplication'

2023-08-20 03:58:07 - [TEST_STEP][PASSED] - tap(findTestObject("Button - 1"), 0): Tapped on element 'Object Repository/Button - 1'

2023-08-20 03:58:07 - [MESSAGE][WARNING] - Timeout '0' is invalid. Using default page load timeout: '30'

2023-08-20 03:58:08 - [MESSAGE][PASSED] - Tapped on element 'Object Repository/Button - 1'

2023-08-20 03:58:08 - [TEST_STEP][PASSED] - tap(findTestObject("Button - 2"), 0): Tapped on element 'Object Repository/Button - 2'

2023-08-20 03:58:08 - [MESSAGE][WARNING] - Timeout '0' is invalid. Using default page load timeout: '30'

2023-08-20 03:58:09 - [MESSAGE][PASSED] - Tapped on element 'Object Repository/Button - 2'

2023-08-20 03:58:09 - [TEST_STEP][PASSED] - tap(findTestObject("Button - Subtraction"), 0): Tapped on element 'Object Repository/Button - Subtraction'

2023-08-20 03:58:09 - [MESSAGE][WARNING] - Timeout '0' is invalid. Using default page load timeout: '30'

2023-08-20 03:58:10 - [MESSAGE][PASSED] - Tapped on element 'Object Repository/Button - Subtraction'

2023-08-20 03:58:10 - [TEST_STEP][PASSED] - tap(findTestObject("Button - 2"), 0): Tapped on element 'Object Repository/Button - 2'

2023-08-20 03:58:10 - [MESSAGE][WARNING] - Timeout '0' is invalid. Using default page load timeout: '30'

2023-08-20 03:58:11 - [MESSAGE][PASSED] - Tapped on element 'Object Repository/Button - 2'

2023-08-20 03:58:11 - [TEST_STEP][PASSED] - tap(findTestObject("Button - 9"), 0): Tapped on element 'Object Repository/Button - 9'

2023-08-20 03:58:11 - [MESSAGE][WARNING] - Timeout '0' is invalid. Using default page load timeout: '30'

2023-08-20 03:58:12 - [MESSAGE][PASSED] - Tapped on element 'Object Repository/Button - 9'

2023-08-20 03:58:12 - [TEST_STEP][PASSED] - tap(findTestObject("Button - Addition"), 0): Tapped on element 'Object Repository/Button - Addition'

2023-08-20 03:58:12 - [MESSAGE][WARNING] - Timeout '0' is invalid. Using default page load timeout: '30'

2023-08-20 03:58:13 - [MESSAGE][PASSED] - Tapped on element 'Object Repository/Button - Addition'

2023-08-20 03:58:13 - [TEST_STEP][PASSED] - tap(findTestObject("Button - 2"), 0): Tapped on element 'Object Repository/Button - 2'

2023-08-20 03:58:13 - [MESSAGE][WARNING] - Timeout '0' is invalid. Using default page load timeout: '30'

2023-08-20 03:58:14 - [MESSAGE][PASSED] - Tapped on element 'Object Repository/Button - 2'

2023-08-20 03:58:14 - [TEST_STEP][PASSED] - tap(findTestObject("Button - Point"), 0): Tapped on element 'Object Repository/Button - Point'

2023-08-20 03:58:14 - [MESSAGE][WARNING] - Timeout '0' is invalid. Using default page load timeout: '30'

2023-08-20 03:58:15 - [MESSAGE][PASSED] - Tapped on element 'Object Repository/Button - Point'

2023-08-20 03:58:15 - [TEST_STEP][PASSED] - tap(findTestObject("Button - 3"), 0): Tapped on element 'Object Repository/Button - 3'

2023-08-20 03:58:15 - [MESSAGE][WARNING] - Timeout '0' is invalid. Using default page load timeout: '30'

2023-08-20 03:58:16 - [MESSAGE][PASSED] - Tapped on element 'Object Repository/Button - 3'

2023-08-20 03:58:16 - [TEST_STEP][PASSED] - verifyElementText(findTestObject("TextView - Result"), "3.3"): Actual text and expected text of test object 'Object Repository/TextView - Result' are matched.

2023-08-20 03:58:16 - [MESSAGE][PASSED] - Actual text and expected text of test object 'Object Repository/TextView - Result' are matched.

2023-08-20 03:58:16 - [TEST_STEP][PASSED] - tap(findTestObject("Button - Equal"), 0): Tapped on element 'Object Repository/Button - Equal'

2023-08-20 03:58:16 - [MESSAGE][WARNING] - Timeout '0' is invalid. Using default page load timeout: '30'

2023-08-20 03:58:18 - [MESSAGE][PASSED] - Tapped on element 'Object Repository/Button - Equal'

2023-08-20 03:58:18 - [TEST_STEP][PASSED] - delay(1, STOP_ON_FAILURE): Delayed 1 second(s)

2023-08-20 03:58:19 - [MESSAGE][PASSED] - Delayed 1 second(s)

2023-08-20 03:58:19 - [TEST_STEP][PASSED] - verifyElementText(findTestObject("TextView - Final Result"), "3.3"): Actual text and expected text of test object 'Object Repository/TextView - Final Result' are matched.

2023-08-20 03:58:20 - [MESSAGE][PASSED] - Actual text and expected text of test object 'Object Repository/TextView - Final Result' are matched.

2023-08-20 03:58:20 - [TEST_STEP][PASSED] - closeApplication(): Close app successfully

2023-08-20 03:58:20 - [MESSAGE][PASSED] - Close app successfully]]></system-out>
         <system-err><![CDATA[]]></system-err>
      </testcase>
      <system-out><![CDATA[2023-08-20 03:55:49 - [TEST_SUITE][PASSED] - Calculator: Test Cases/All Mathematical Operations]]></system-out>
      <system-err><![CDATA[]]></system-err>
   </testsuite>
</testsuites>
